# JRE version: OpenJDK Runtime Environment (11.0.8+10) (build 11.0.8+10-b944.6842174)
# Java VM: OpenJDK 64-Bit Server VM (11.0.8+10-b944.6842174, mixed mode, tiered, compressed oops, g1 gc, windows-amd64)
Heap:
 garbage-first heap   total 176128K, used 104682K [0x0000000080000000, 0x0000000100000000)
  region size 1024K, 29 young (29696K), 1 survivors (1024K)
 Metaspace       used 80724K, capacity 82675K, committed 82812K, reserved 1122304K
  class space    used 10305K, capacity 10964K, committed 11008K, reserved 1048576K
GC Heap History (20 events):
Event: 35.913 GC heap before
{Heap before GC invocations=41 (full 0):
 garbage-first heap   total 101376K, used 77178K [0x0000000080000000, 0x0000000100000000)
  region size 1024K, 29 young (29696K), 4 survivors (4096K)
 Metaspace       used 74754K, capacity 76431K, committed 76668K, reserved 1116160K
  class space    used 9764K, capacity 10371K, committed 10496K, reserved 1048576K
}
Event: 35.933 GC heap after
{Heap after GC invocations=42 (full 0):
 garbage-first heap   total 121856K, used 54400K [0x0000000080000000, 0x0000000100000000)
  region size 1024K, 4 young (4096K), 4 survivors (4096K)
 Metaspace       used 74754K, capacity 76431K, committed 76668K, reserved 1116160K
  class space    used 9764K, capacity 10371K, committed 10496K, reserved 1048576K
}
Event: 38.356 GC heap before
{Heap before GC invocations=43 (full 0):
 garbage-first heap   total 121856K, used 87168K [0x0000000080000000, 0x0000000100000000)
  region size 1024K, 37 young (37888K), 4 survivors (4096K)
 Metaspace       used 75324K, capacity 77096K, committed 77180K, reserved 1116160K
  class space    used 9802K, capacity 10440K, committed 10496K, reserved 1048576K
}
Event: 38.408 GC heap after
{Heap after GC invocations=44 (full 0):
 garbage-first heap   total 121856K, used 56208K [0x0000000080000000, 0x0000000100000000)
  region size 1024K, 4 young (4096K), 4 survivors (4096K)
 Metaspace       used 75324K, capacity 77096K, committed 77180K, reserved 1116160K
  class space    used 9802K, capacity 10440K, committed 10496K, reserved 1048576K
}
Event: 41.250 GC heap before
{Heap before GC invocations=44 (full 0):
 garbage-first heap   total 121856K, used 90000K [0x0000000080000000, 0x0000000100000000)
  region size 1024K, 37 young (37888K), 4 survivors (4096K)
 Metaspace       used 76615K, capacity 78522K, committed 78588K, reserved 1118208K
  class space    used 9935K, capacity 10567K, committed 10624K, reserved 1048576K
}
Event: 41.291 GC heap after
{Heap after GC invocations=45 (full 0):
 garbage-first heap   total 121856K, used 57522K [0x0000000080000000, 0x0000000100000000)
  region size 1024K, 4 young (4096K), 4 survivors (4096K)
 Metaspace       used 76615K, capacity 78522K, committed 78588K, reserved 1118208K
  class space    used 9935K, capacity 10567K, committed 10624K, reserved 1048576K
}
Event: 42.586 GC heap before
{Heap before GC invocations=45 (full 0):
 garbage-first heap   total 121856K, used 91314K [0x0000000080000000, 0x0000000100000000)
  region size 1024K, 38 young (38912K), 4 survivors (4096K)
 Metaspace       used 76833K, capacity 78725K, committed 78844K, reserved 1118208K
  class space    used 9935K, capacity 10567K, committed 10624K, reserved 1048576K
}
Event: 42.614 GC heap after
{Heap after GC invocations=46 (full 0):
 garbage-first heap   total 121856K, used 62787K [0x0000000080000000, 0x0000000100000000)
  region size 1024K, 5 young (5120K), 5 survivors (5120K)
 Metaspace       used 76833K, capacity 78725K, committed 78844K, reserved 1118208K
  class space    used 9935K, capacity 10567K, committed 10624K, reserved 1048576K
}
Event: 42.941 GC heap before
{Heap before GC invocations=46 (full 0):
 garbage-first heap   total 121856K, used 74051K [0x0000000080000000, 0x0000000100000000)
  region size 1024K, 17 young (17408K), 5 survivors (5120K)
 Metaspace       used 76838K, capacity 78725K, committed 78844K, reserved 1118208K
  class space    used 9935K, capacity 10567K, committed 10624K, reserved 1048576K
}
Event: 42.992 GC heap after
{Heap after GC invocations=47 (full 0):
 garbage-first heap   total 146432K, used 65507K [0x0000000080000000, 0x0000000100000000)
  region size 1024K, 3 young (3072K), 3 survivors (3072K)
 Metaspace       used 76838K, capacity 78725K, committed 78844K, reserved 1118208K
  class space    used 9935K, capacity 10567K, committed 10624K, reserved 1048576K
}
Event: 45.617 GC heap before
{Heap before GC invocations=48 (full 0):
 garbage-first heap   total 146432K, used 101347K [0x0000000080000000, 0x0000000100000000)
  region size 1024K, 35 young (35840K), 3 survivors (3072K)
 Metaspace       used 76927K, capacity 78789K, committed 79100K, reserved 1118208K
  class space    used 9935K, capacity 10567K, committed 10624K, reserved 1048576K
}
Event: 45.648 GC heap after
{Heap after GC invocations=49 (full 0):
 garbage-first heap   total 146432K, used 73728K [0x0000000080000000, 0x0000000100000000)
  region size 1024K, 5 young (5120K), 5 survivors (5120K)
 Metaspace       used 76927K, capacity 78789K, committed 79100K, reserved 1118208K
  class space    used 9935K, capacity 10567K, committed 10624K, reserved 1048576K
}
Event: 47.675 GC heap before
{Heap before GC invocations=49 (full 0):
 garbage-first heap   total 146432K, used 95232K [0x0000000080000000, 0x0000000100000000)
  region size 1024K, 28 young (28672K), 5 survivors (5120K)
 Metaspace       used 77870K, capacity 79807K, committed 79996K, reserved 1118208K
  class space    used 10034K, capacity 10693K, committed 10752K, reserved 1048576K
}
Event: 47.710 GC heap after
{Heap after GC invocations=50 (full 0):
 garbage-first heap   total 146432K, used 77246K [0x0000000080000000, 0x0000000100000000)
  region size 1024K, 4 young (4096K), 4 survivors (4096K)
 Metaspace       used 77870K, capacity 79807K, committed 79996K, reserved 1118208K
  class space    used 10034K, capacity 10693K, committed 10752K, reserved 1048576K
}
Event: 48.575 GC heap before
{Heap before GC invocations=51 (full 0):
 garbage-first heap   total 146432K, used 78270K [0x0000000080000000, 0x0000000100000000)
  region size 1024K, 5 young (5120K), 4 survivors (4096K)
 Metaspace       used 77912K, capacity 79871K, committed 79996K, reserved 1118208K
  class space    used 10037K, capacity 10693K, committed 10752K, reserved 1048576K
}
Event: 48.620 GC heap after
{Heap after GC invocations=52 (full 0):
 garbage-first heap   total 146432K, used 78349K [0x0000000080000000, 0x0000000100000000)
  region size 1024K, 1 young (1024K), 1 survivors (1024K)
 Metaspace       used 77912K, capacity 79871K, committed 79996K, reserved 1118208K
  class space    used 10037K, capacity 10693K, committed 10752K, reserved 1048576K
}
Event: 49.422 GC heap before
{Heap before GC invocations=53 (full 0):
 garbage-first heap   total 146432K, used 81421K [0x0000000080000000, 0x0000000100000000)
  region size 1024K, 3 young (3072K), 1 survivors (1024K)
 Metaspace       used 78087K, capacity 80000K, committed 80252K, reserved 1118208K
  class space    used 10051K, capacity 10693K, committed 10752K, reserved 1048576K
}
Event: 49.433 GC heap after
{Heap after GC invocations=54 (full 0):
 garbage-first heap   total 176128K, used 80071K [0x0000000080000000, 0x0000000100000000)
  region size 1024K, 1 young (1024K), 1 survivors (1024K)
 Metaspace       used 78087K, capacity 80000K, committed 80252K, reserved 1118208K
  class space    used 10051K, capacity 10693K, committed 10752K, reserved 1048576K
}
Event: 49.725 GC heap before
{Heap before GC invocations=55 (full 0):
 garbage-first heap   total 176128K, used 79047K [0x0000000080000000, 0x0000000100000000)
  region size 1024K, 2 young (2048K), 1 survivors (1024K)
 Metaspace       used 78237K, capacity 80160K, committed 80252K, reserved 1118208K
  class space    used 10066K, capacity 10725K, committed 10752K, reserved 1048576K
}
Event: 49.729 GC heap after
{Heap after GC invocations=56 (full 0):
 garbage-first heap   total 176128K, used 77034K [0x0000000080000000, 0x0000000100000000)
  region size 1024K, 1 young (1024K), 1 survivors (1024K)
 Metaspace       used 78237K, capacity 80160K, committed 80252K, reserved 1118208K
  class space    used 10066K, capacity 10725K, committed 10752K, reserved 1048576K
}

