# JRE version: OpenJDK Runtime Environment (11.0.8+10) (build 11.0.8+10-b944.6842174)
# Java VM: OpenJDK 64-Bit Server VM (11.0.8+10-b944.6842174, mixed mode, tiered, compressed oops, g1 gc, windows-amd64)
Heap:
 garbage-first heap   total 121856K, used 68435K [0x0000000080000000, 0x0000000100000000)
  region size 1024K, 15 young (15360K), 3 survivors (3072K)
 Metaspace       used 77090K, capacity 78971K, committed 78976K, reserved 1118208K
  class space    used 9983K, capacity 10624K, committed 10624K, reserved 1048576K
GC Heap History (20 events):
Event: 24.482 GC heap before
{Heap before GC invocations=27 (full 0):
 garbage-first heap   total 83968K, used 63377K [0x0000000080000000, 0x0000000100000000)
  region size 1024K, 21 young (21504K), 2 survivors (2048K)
 Metaspace       used 59416K, capacity 60782K, committed 61056K, reserved 1101824K
  class space    used 7533K, capacity 8000K, committed 8064K, reserved 1048576K
}
Event: 24.489 GC heap after
{Heap after GC invocations=28 (full 0):
 garbage-first heap   total 83968K, used 44161K [0x0000000080000000, 0x0000000100000000)
  region size 1024K, 3 young (3072K), 3 survivors (3072K)
 Metaspace       used 59416K, capacity 60782K, committed 61056K, reserved 1101824K
  class space    used 7533K, capacity 8000K, committed 8064K, reserved 1048576K
}
Event: 25.202 GC heap before
{Heap before GC invocations=28 (full 0):
 garbage-first heap   total 83968K, used 63617K [0x0000000080000000, 0x0000000100000000)
  region size 1024K, 22 young (22528K), 3 survivors (3072K)
 Metaspace       used 60810K, capacity 62164K, committed 62336K, reserved 1103872K
  class space    used 7712K, capacity 8226K, committed 8320K, reserved 1048576K
}
Event: 25.212 GC heap after
{Heap after GC invocations=29 (full 0):
 garbage-first heap   total 83968K, used 45900K [0x0000000080000000, 0x0000000100000000)
  region size 1024K, 2 young (2048K), 2 survivors (2048K)
 Metaspace       used 60810K, capacity 62164K, committed 62336K, reserved 1103872K
  class space    used 7712K, capacity 8226K, committed 8320K, reserved 1048576K
}
Event: 26.163 GC heap before
{Heap before GC invocations=30 (full 0):
 garbage-first heap   total 83968K, used 64332K [0x0000000080000000, 0x0000000100000000)
  region size 1024K, 20 young (20480K), 2 survivors (2048K)
 Metaspace       used 63302K, capacity 64781K, committed 65152K, reserved 1105920K
  class space    used 8194K, capacity 8714K, committed 8832K, reserved 1048576K
}
Event: 26.170 GC heap after
{Heap after GC invocations=31 (full 0):
 garbage-first heap   total 83968K, used 46662K [0x0000000080000000, 0x0000000100000000)
  region size 1024K, 3 young (3072K), 3 survivors (3072K)
 Metaspace       used 63302K, capacity 64781K, committed 65152K, reserved 1105920K
  class space    used 8194K, capacity 8714K, committed 8832K, reserved 1048576K
}
Event: 29.356 GC heap before
{Heap before GC invocations=31 (full 0):
 garbage-first heap   total 83968K, used 65094K [0x0000000080000000, 0x0000000100000000)
  region size 1024K, 21 young (21504K), 3 survivors (3072K)
 Metaspace       used 65165K, capacity 66689K, committed 66944K, reserved 1107968K
  class space    used 8449K, capacity 9002K, committed 9088K, reserved 1048576K
}
Event: 29.372 GC heap after
{Heap after GC invocations=32 (full 0):
 garbage-first heap   total 83968K, used 47828K [0x0000000080000000, 0x0000000100000000)
  region size 1024K, 3 young (3072K), 3 survivors (3072K)
 Metaspace       used 65165K, capacity 66689K, committed 66944K, reserved 1107968K
  class space    used 8449K, capacity 9002K, committed 9088K, reserved 1048576K
}
Event: 30.497 GC heap before
{Heap before GC invocations=33 (full 0):
 garbage-first heap   total 83968K, used 66260K [0x0000000080000000, 0x0000000100000000)
  region size 1024K, 21 young (21504K), 3 survivors (3072K)
 Metaspace       used 66554K, capacity 68114K, committed 68480K, reserved 1107968K
  class space    used 8674K, capacity 9231K, committed 9344K, reserved 1048576K
}
Event: 30.510 GC heap after
{Heap after GC invocations=34 (full 0):
 garbage-first heap   total 101376K, used 49020K [0x0000000080000000, 0x0000000100000000)
  region size 1024K, 3 young (3072K), 3 survivors (3072K)
 Metaspace       used 66554K, capacity 68114K, committed 68480K, reserved 1107968K
  class space    used 8674K, capacity 9231K, committed 9344K, reserved 1048576K
}
Event: 31.538 GC heap before
{Heap before GC invocations=34 (full 0):
 garbage-first heap   total 101376K, used 75644K [0x0000000080000000, 0x0000000100000000)
  region size 1024K, 29 young (29696K), 3 survivors (3072K)
 Metaspace       used 69266K, capacity 70902K, committed 71168K, reserved 1110016K
  class space    used 9096K, capacity 9685K, committed 9728K, reserved 1048576K
}
Event: 31.552 GC heap after
{Heap after GC invocations=35 (full 0):
 garbage-first heap   total 101376K, used 50565K [0x0000000080000000, 0x0000000100000000)
  region size 1024K, 3 young (3072K), 3 survivors (3072K)
 Metaspace       used 69266K, capacity 70902K, committed 71168K, reserved 1110016K
  class space    used 9096K, capacity 9685K, committed 9728K, reserved 1048576K
}
Event: 33.746 GC heap before
{Heap before GC invocations=36 (full 0):
 garbage-first heap   total 101376K, used 77189K [0x0000000080000000, 0x0000000100000000)
  region size 1024K, 30 young (30720K), 3 survivors (3072K)
 Metaspace       used 73242K, capacity 74921K, committed 75264K, reserved 1114112K
  class space    used 9528K, capacity 10117K, committed 10240K, reserved 1048576K
}
Event: 33.763 GC heap after
{Heap after GC invocations=37 (full 0):
 garbage-first heap   total 101376K, used 52351K [0x0000000080000000, 0x0000000100000000)
  region size 1024K, 4 young (4096K), 4 survivors (4096K)
 Metaspace       used 73242K, capacity 74921K, committed 75264K, reserved 1114112K
  class space    used 9528K, capacity 10117K, committed 10240K, reserved 1048576K
}
Event: 35.834 GC heap before
{Heap before GC invocations=37 (full 0):
 garbage-first heap   total 101376K, used 78975K [0x0000000080000000, 0x0000000100000000)
  region size 1024K, 31 young (31744K), 4 survivors (4096K)
 Metaspace       used 75511K, capacity 77295K, committed 77440K, reserved 1116160K
  class space    used 9862K, capacity 10505K, committed 10624K, reserved 1048576K
}
Event: 35.862 GC heap after
{Heap after GC invocations=38 (full 0):
 garbage-first heap   total 101376K, used 54274K [0x0000000080000000, 0x0000000100000000)
  region size 1024K, 4 young (4096K), 4 survivors (4096K)
 Metaspace       used 75511K, capacity 77295K, committed 77440K, reserved 1116160K
  class space    used 9862K, capacity 10505K, committed 10624K, reserved 1048576K
}
Event: 39.770 GC heap before
{Heap before GC invocations=39 (full 0):
 garbage-first heap   total 101376K, used 79874K [0x0000000080000000, 0x0000000100000000)
  region size 1024K, 30 young (30720K), 4 survivors (4096K)
 Metaspace       used 75858K, capacity 77718K, committed 77952K, reserved 1116160K
  class space    used 9876K, capacity 10514K, committed 10624K, reserved 1048576K
}
Event: 39.790 GC heap after
{Heap after GC invocations=40 (full 0):
 garbage-first heap   total 101376K, used 55777K [0x0000000080000000, 0x0000000100000000)
  region size 1024K, 4 young (4096K), 4 survivors (4096K)
 Metaspace       used 75858K, capacity 77718K, committed 77952K, reserved 1116160K
  class space    used 9876K, capacity 10514K, committed 10624K, reserved 1048576K
}
Event: 41.032 GC heap before
{Heap before GC invocations=40 (full 0):
 garbage-first heap   total 101376K, used 80353K [0x0000000080000000, 0x0000000100000000)
  region size 1024K, 29 young (29696K), 4 survivors (4096K)
 Metaspace       used 76952K, capacity 78842K, committed 78976K, reserved 1118208K
  class space    used 9983K, capacity 10624K, committed 10624K, reserved 1048576K
}
Event: 41.053 GC heap after
{Heap after GC invocations=41 (full 0):
 garbage-first heap   total 121856K, used 57171K [0x0000000080000000, 0x0000000100000000)
  region size 1024K, 3 young (3072K), 3 survivors (3072K)
 Metaspace       used 76952K, capacity 78842K, committed 78976K, reserved 1118208K
  class space    used 9983K, capacity 10624K, committed 10624K, reserved 1048576K
}

