# JRE version: OpenJDK Runtime Environment (11.0.8+10) (build 11.0.8+10-b944.6842174)
# Java VM: OpenJDK 64-Bit Server VM (11.0.8+10-b944.6842174, mixed mode, tiered, compressed oops, g1 gc, windows-amd64)
Heap:
 garbage-first heap   total 147456K, used 73020K [0x0000000080000000, 0x0000000100000000)
  region size 1024K, 3 young (3072K), 3 survivors (3072K)
 Metaspace       used 70878K, capacity 72635K, committed 72704K, reserved 1112064K
  class space    used 9117K, capacity 9698K, committed 9728K, reserved 1048576K
GC Heap History (20 events):
Event: 26.883 GC heap after
{Heap after GC invocations=56 (full 0):
 garbage-first heap   total 102400K, used 61074K [0x0000000080000000, 0x0000000100000000)
  region size 1024K, 3 young (3072K), 3 survivors (3072K)
 Metaspace       used 49119K, capacity 50487K, committed 50816K, reserved 1093632K
  class space    used 6223K, capacity 6666K, committed 6784K, reserved 1048576K
}
Event: 28.901 GC heap before
{Heap before GC invocations=56 (full 0):
 garbage-first heap   total 102400K, used 75410K [0x0000000080000000, 0x0000000100000000)
  region size 1024K, 17 young (17408K), 3 survivors (3072K)
 Metaspace       used 51095K, capacity 52553K, committed 52736K, reserved 1095680K
  class space    used 6445K, capacity 6885K, committed 6912K, reserved 1048576K
}
Event: 28.912 GC heap after
{Heap after GC invocations=57 (full 0):
 garbage-first heap   total 102400K, used 61806K [0x0000000080000000, 0x0000000100000000)
  region size 1024K, 1 young (1024K), 1 survivors (1024K)
 Metaspace       used 51095K, capacity 52553K, committed 52736K, reserved 1095680K
  class space    used 6445K, capacity 6885K, committed 6912K, reserved 1048576K
}
Event: 29.879 GC heap before
{Heap before GC invocations=58 (full 0):
 garbage-first heap   total 102400K, used 77166K [0x0000000080000000, 0x0000000100000000)
  region size 1024K, 16 young (16384K), 1 survivors (1024K)
 Metaspace       used 53711K, capacity 55236K, committed 55424K, reserved 1097728K
  class space    used 6737K, capacity 7185K, committed 7296K, reserved 1048576K
}
Event: 29.891 GC heap after
{Heap after GC invocations=59 (full 0):
 garbage-first heap   total 122880K, used 62080K [0x0000000080000000, 0x0000000100000000)
  region size 1024K, 2 young (2048K), 2 survivors (2048K)
 Metaspace       used 53711K, capacity 55236K, committed 55424K, reserved 1097728K
  class space    used 6737K, capacity 7185K, committed 7296K, reserved 1048576K
}
Event: 30.792 GC heap before
{Heap before GC invocations=59 (full 0):
 garbage-first heap   total 122880K, used 84608K [0x0000000080000000, 0x0000000100000000)
  region size 1024K, 24 young (24576K), 2 survivors (2048K)
 Metaspace       used 56778K, capacity 58352K, committed 58624K, reserved 1099776K
  class space    used 7151K, capacity 7625K, committed 7680K, reserved 1048576K
}
Event: 30.797 GC heap after
{Heap after GC invocations=60 (full 0):
 garbage-first heap   total 122880K, used 62946K [0x0000000080000000, 0x0000000100000000)
  region size 1024K, 3 young (3072K), 3 survivors (3072K)
 Metaspace       used 56778K, capacity 58352K, committed 58624K, reserved 1099776K
  class space    used 7151K, capacity 7625K, committed 7680K, reserved 1048576K
}
Event: 32.245 GC heap before
{Heap before GC invocations=61 (full 0):
 garbage-first heap   total 122880K, used 86498K [0x0000000080000000, 0x0000000100000000)
  region size 1024K, 26 young (26624K), 3 survivors (3072K)
 Metaspace       used 60889K, capacity 62534K, committed 62720K, reserved 1103872K
  class space    used 7656K, capacity 8186K, committed 8192K, reserved 1048576K
}
Event: 32.254 GC heap after
{Heap after GC invocations=62 (full 0):
 garbage-first heap   total 122880K, used 64552K [0x0000000080000000, 0x0000000100000000)
  region size 1024K, 4 young (4096K), 4 survivors (4096K)
 Metaspace       used 60889K, capacity 62534K, committed 62720K, reserved 1103872K
  class space    used 7656K, capacity 8186K, committed 8192K, reserved 1048576K
}
Event: 32.841 GC heap before
{Heap before GC invocations=62 (full 0):
 garbage-first heap   total 122880K, used 89128K [0x0000000080000000, 0x0000000100000000)
  region size 1024K, 29 young (29696K), 4 survivors (4096K)
 Metaspace       used 62743K, capacity 64390K, committed 64640K, reserved 1105920K
  class space    used 7905K, capacity 8457K, committed 8576K, reserved 1048576K
}
Event: 32.854 GC heap after
{Heap after GC invocations=63 (full 0):
 garbage-first heap   total 122880K, used 66506K [0x0000000080000000, 0x0000000100000000)
  region size 1024K, 4 young (4096K), 4 survivors (4096K)
 Metaspace       used 62743K, capacity 64390K, committed 64640K, reserved 1105920K
  class space    used 7905K, capacity 8457K, committed 8576K, reserved 1048576K
}
Event: 33.152 GC heap before
{Heap before GC invocations=64 (full 0):
 garbage-first heap   total 122880K, used 69578K [0x0000000080000000, 0x0000000100000000)
  region size 1024K, 8 young (8192K), 4 survivors (4096K)
 Metaspace       used 63195K, capacity 64948K, committed 65152K, reserved 1105920K
  class space    used 7934K, capacity 8492K, committed 8576K, reserved 1048576K
}
Event: 33.178 GC heap after
{Heap after GC invocations=65 (full 0):
 garbage-first heap   total 122880K, used 67198K [0x0000000080000000, 0x0000000100000000)
  region size 1024K, 1 young (1024K), 1 survivors (1024K)
 Metaspace       used 63195K, capacity 64948K, committed 65152K, reserved 1105920K
  class space    used 7934K, capacity 8492K, committed 8576K, reserved 1048576K
}
Event: 34.617 GC heap before
{Heap before GC invocations=66 (full 0):
 garbage-first heap   total 122880K, used 89726K [0x0000000080000000, 0x0000000100000000)
  region size 1024K, 23 young (23552K), 1 survivors (1024K)
 Metaspace       used 64468K, capacity 66196K, committed 66304K, reserved 1107968K
  class space    used 8100K, capacity 8667K, committed 8704K, reserved 1048576K
}
Event: 34.624 GC heap after
{Heap after GC invocations=67 (full 0):
 garbage-first heap   total 122880K, used 68461K [0x0000000080000000, 0x0000000100000000)
  region size 1024K, 2 young (2048K), 2 survivors (2048K)
 Metaspace       used 64468K, capacity 66196K, committed 66304K, reserved 1107968K
  class space    used 8100K, capacity 8667K, committed 8704K, reserved 1048576K
}
Event: 35.444 GC heap before
{Heap before GC invocations=67 (full 0):
 garbage-first heap   total 122880K, used 92013K [0x0000000080000000, 0x0000000100000000)
  region size 1024K, 25 young (25600K), 2 survivors (2048K)
 Metaspace       used 66111K, capacity 67912K, committed 68096K, reserved 1107968K
  class space    used 8316K, capacity 8896K, committed 8960K, reserved 1048576K
}
Event: 35.453 GC heap after
{Heap after GC invocations=68 (full 0):
 garbage-first heap   total 122880K, used 70589K [0x0000000080000000, 0x0000000100000000)
  region size 1024K, 4 young (4096K), 4 survivors (4096K)
 Metaspace       used 66111K, capacity 67912K, committed 68096K, reserved 1107968K
  class space    used 8316K, capacity 8896K, committed 8960K, reserved 1048576K
}
Event: 36.703 GC heap before
{Heap before GC invocations=69 (full 0):
 garbage-first heap   total 122880K, used 94141K [0x0000000080000000, 0x0000000100000000)
  region size 1024K, 27 young (27648K), 4 survivors (4096K)
 Metaspace       used 69191K, capacity 70986K, committed 71296K, reserved 1112064K
  class space    used 8874K, capacity 9492K, committed 9600K, reserved 1048576K
}
Event: 36.717 GC heap after
{Heap after GC invocations=70 (full 0):
 garbage-first heap   total 122880K, used 71765K [0x0000000080000000, 0x0000000100000000)
  region size 1024K, 4 young (4096K), 4 survivors (4096K)
 Metaspace       used 69191K, capacity 70986K, committed 71296K, reserved 1112064K
  class space    used 8874K, capacity 9492K, committed 9600K, reserved 1048576K
}
Event: 37.472 GC heap before
{Heap before GC invocations=70 (full 0):
 garbage-first heap   total 122880K, used 95317K [0x0000000080000000, 0x0000000100000000)
  region size 1024K, 27 young (27648K), 4 survivors (4096K)
 Metaspace       used 70878K, capacity 72635K, committed 72704K, reserved 1112064K
  class space    used 9117K, capacity 9698K, committed 9728K, reserved 1048576K
}

